22-11-23 14:51:04 852 org.springframework.boot.StartupInfoLogger logStarting [INFO] Starting SpringBootMVC_LoggerApplication using Java 17.0.7 with PID 4124 (C:\Users\Bibhu_SyenaInfosoft\SpringBoot_Examples\SpringBootMVC_Logger\target\classes started by Bibhu_SyenaInfosoft in C:\Users\Bibhu_SyenaInfosoft\SpringBoot_Examples\SpringBootMVC_Logger) 
22-11-23 14:51:04 858 org.springframework.boot.SpringApplication logStartupProfileInfo [INFO] No active profile set, falling back to 1 default profile: "default" 
22-11-23 14:51:04 914 org.springframework.boot.logging.DeferredLog logTo [INFO] The Class-Path manifest attribute in C:\Users\Bibhu_SyenaInfosoft\.m2\repository\com\oracle\database\jdbc\ojdbc8\21.9.0.0\ojdbc8-21.9.0.0.jar referenced one or more files that do not exist: file:/C:/Users/Bibhu_SyenaInfosoft/.m2/repository/com/oracle/database/jdbc/ojdbc8/21.9.0.0/oraclepki.jar 
22-11-23 14:51:04 915 org.springframework.boot.logging.DeferredLog logTo [INFO] Devtools property defaults active! Set 'spring.devtools.add-properties' to 'false' to disable 
22-11-23 14:51:04 916 org.springframework.boot.logging.DeferredLog logTo [INFO] For additional web related logging consider setting the 'logging.level.web' property to 'DEBUG' 
22-11-23 14:51:05 467 org.springframework.data.repository.config.RepositoryConfigurationDelegate registerRepositoriesIn [INFO] Bootstrapping Spring Data JPA repositories in DEFAULT mode. 
22-11-23 14:51:05 523 org.springframework.data.repository.config.RepositoryConfigurationDelegate registerRepositoriesIn [INFO] Finished Spring Data repository scanning in 48 ms. Found 1 JPA repository interfaces. 
22-11-23 14:51:06 079 org.springframework.boot.web.embedded.tomcat.TomcatWebServer initialize [INFO] Tomcat initialized with port(s): 2000 (http) 
22-11-23 14:51:06 090 org.apache.juli.logging.DirectJDKLog log [INFO] Starting service [Tomcat] 
22-11-23 14:51:06 090 org.apache.juli.logging.DirectJDKLog log [INFO] Starting Servlet engine: [Apache Tomcat/10.1.15] 
22-11-23 14:51:06 302 org.apache.juli.logging.DirectJDKLog log [INFO] At least one JAR was scanned for TLDs yet contained no TLDs. Enable debug logging for this logger for a complete list of JARs that were scanned but no TLDs were found in them. Skipping unneeded JARs during scanning can improve startup time and JSP compilation time. 
22-11-23 14:51:06 311 org.apache.juli.logging.DirectJDKLog log [INFO] Initializing Spring embedded WebApplicationContext 
22-11-23 14:51:06 311 org.springframework.boot.web.servlet.context.ServletWebServerApplicationContext prepareWebApplicationContext [INFO] Root WebApplicationContext: initialization completed in 1395 ms 
22-11-23 14:51:06 486 org.hibernate.jpa.internal.util.LogHelper logPersistenceUnitInformation [INFO] HHH000204: Processing PersistenceUnitInfo [name: default] 
22-11-23 14:51:06 542 org.hibernate.Version logVersion [INFO] HHH000412: Hibernate ORM core version 6.2.13.Final 
22-11-23 14:51:06 545 org.hibernate.cfg.Environment <clinit> [INFO] HHH000406: Using bytecode reflection optimizer 
22-11-23 14:51:06 808 org.springframework.orm.jpa.persistenceunit.SpringPersistenceUnitInfo addTransformer [INFO] No LoadTimeWeaver setup: ignoring JPA class transformer 
22-11-23 14:51:06 843 com.zaxxer.hikari.HikariDataSource getConnection [INFO] HikariPool-1 - Starting... 
22-11-23 14:51:06 847 com.zaxxer.hikari.util.DriverDataSource <init> [WARN] Registered driver with driverClassName=oracle.jdbc.driver.OracleDriver was not found, trying direct instantiation. 
22-11-23 14:51:07 106 com.zaxxer.hikari.pool.HikariPool checkFailFast [INFO] HikariPool-1 - Added connection oracle.jdbc.driver.T4CConnection@44552d5d 
22-11-23 14:51:07 109 com.zaxxer.hikari.HikariDataSource getConnection [INFO] HikariPool-1 - Start completed. 
22-11-23 14:51:08 041 org.hibernate.engine.transaction.jta.platform.internal.JtaPlatformInitiator initiateService [INFO] HHH000489: No JTA platform available (set 'hibernate.transaction.jta.platform' to enable JTA platform integration) 
22-11-23 14:51:08 636 org.springframework.orm.jpa.AbstractEntityManagerFactoryBean buildNativeEntityManagerFactory [INFO] Initialized JPA EntityManagerFactory for persistence unit 'default' 
22-11-23 14:51:08 891 org.springframework.boot.autoconfigure.orm.jpa.JpaBaseConfiguration$JpaWebConfiguration openEntityManagerInViewInterceptor [WARN] spring.jpa.open-in-view is enabled by default. Therefore, database queries may be performed during view rendering. Explicitly configure spring.jpa.open-in-view to disable this warning 
22-11-23 14:51:09 016 org.springframework.boot.autoconfigure.web.servlet.WelcomePageHandlerMapping <init> [INFO] Adding welcome page template: index 
22-11-23 14:51:09 169 org.springframework.boot.devtools.autoconfigure.OptionalLiveReloadServer startServer [INFO] LiveReload server is running on port 35729 
22-11-23 14:51:09 209 org.springframework.boot.web.embedded.tomcat.TomcatWebServer start [INFO] Tomcat started on port(s): 2000 (http) with context path '' 
22-11-23 14:51:09 220 org.springframework.boot.StartupInfoLogger logStarted [INFO] Started SpringBootMVC_LoggerApplication in 4.773 seconds (process running for 5.506) 
22-11-23 14:52:13 038 org.apache.juli.logging.DirectJDKLog log [INFO] Initializing Spring DispatcherServlet 'dispatcherServlet' 
22-11-23 14:52:13 038 org.springframework.web.servlet.FrameworkServlet initServletBean [INFO] Initializing Servlet 'dispatcherServlet' 
22-11-23 14:52:13 040 org.springframework.web.servlet.FrameworkServlet initServletBean [INFO] Completed initialization in 0 ms 
22-11-23 14:52:36 307 com.example.demo.controller.EmployeeController display2 [INFO] ENTERED INTO SAVE EMPLOYEE METHOD 
22-11-23 14:52:36 411 com.example.demo.controller.EmployeeController display2 [INFO] EMPLOYEE SAVED 
22-11-23 14:52:36 411 com.example.demo.controller.EmployeeController display2 [INFO] ABOUT TO RETURN REPONSE FROM SAVE EMPLOYEE METHOD 
