2023-11-28T12:47:50.352+05:30  INFO 8140 --- [restartedMain] c.e.d.SpringBoot_REST_MiniAppApplication : Starting SpringBoot_REST_MiniAppApplication using Java 17.0.7 with PID 8140 (C:\Users\Bibhu_SyenaInfosoft\SpringBoot_Examples\SpringBoot_REST_MiniApp\target\classes started by Bibhu_SyenaInfosoft in C:\Users\Bibhu_SyenaInfosoft\SpringBoot_Examples\SpringBoot_REST_MiniApp)
2023-11-28T12:47:50.352+05:30 DEBUG 8140 --- [restartedMain] c.e.d.SpringBoot_REST_MiniAppApplication : Running with Spring Boot v3.2.0, Spring v6.1.1
2023-11-28T12:47:50.352+05:30  INFO 8140 --- [restartedMain] c.e.d.SpringBoot_REST_MiniAppApplication : No active profile set, falling back to 1 default profile: "default"
2023-11-28T12:47:50.489+05:30  INFO 8140 --- [restartedMain] .s.d.r.c.RepositoryConfigurationDelegate : Bootstrapping Spring Data JPA repositories in DEFAULT mode.
2023-11-28T12:47:50.495+05:30  INFO 8140 --- [restartedMain] .s.d.r.c.RepositoryConfigurationDelegate : Finished Spring Data repository scanning in 5 ms. Found 1 JPA repository interface.
2023-11-28T12:47:50.575+05:30  INFO 8140 --- [restartedMain] o.s.b.w.embedded.tomcat.TomcatWebServer  : Tomcat initialized with port 8080 (http)
2023-11-28T12:47:50.576+05:30  INFO 8140 --- [restartedMain] o.apache.catalina.core.StandardService   : Starting service [Tomcat]
2023-11-28T12:47:50.576+05:30  INFO 8140 --- [restartedMain] o.apache.catalina.core.StandardEngine    : Starting Servlet engine: [Apache Tomcat/10.1.16]
2023-11-28T12:47:50.592+05:30  INFO 8140 --- [restartedMain] o.a.c.c.C.[Tomcat-16].[localhost].[/]    : Initializing Spring embedded WebApplicationContext
2023-11-28T12:47:50.592+05:30  INFO 8140 --- [restartedMain] w.s.c.ServletWebServerApplicationContext : Root WebApplicationContext: initialization completed in 238 ms
2023-11-28T12:47:50.618+05:30  INFO 8140 --- [restartedMain] o.hibernate.jpa.internal.util.LogHelper  : HHH000204: Processing PersistenceUnitInfo [name: default]
2023-11-28T12:47:50.621+05:30  INFO 8140 --- [restartedMain] o.h.c.internal.RegionFactoryInitiator    : HHH000026: Second-level cache disabled
2023-11-28T12:47:50.625+05:30  INFO 8140 --- [restartedMain] o.s.o.j.p.SpringPersistenceUnitInfo      : No LoadTimeWeaver setup: ignoring JPA class transformer
2023-11-28T12:47:50.626+05:30  INFO 8140 --- [restartedMain] com.zaxxer.hikari.HikariDataSource       : HikariPool-27 - Starting...
2023-11-28T12:47:50.626+05:30  WARN 8140 --- [restartedMain] c.zaxxer.hikari.util.DriverDataSource    : Registered driver with driverClassName=oracle.jdbc.driver.OracleDriver was not found, trying direct instantiation.
2023-11-28T12:47:50.826+05:30  INFO 8140 --- [restartedMain] com.zaxxer.hikari.pool.HikariPool        : HikariPool-27 - Added connection oracle.jdbc.driver.T4CConnection@63ac8517
2023-11-28T12:47:50.826+05:30  INFO 8140 --- [restartedMain] com.zaxxer.hikari.HikariDataSource       : HikariPool-27 - Start completed.
2023-11-28T12:47:51.094+05:30  INFO 8140 --- [restartedMain] o.h.e.t.j.p.i.JtaPlatformInitiator       : HHH000489: No JTA platform available (set 'hibernate.transaction.jta.platform' to enable JTA platform integration)
2023-11-28T12:47:53.034+05:30  INFO 8140 --- [restartedMain] j.LocalContainerEntityManagerFactoryBean : Initialized JPA EntityManagerFactory for persistence unit 'default'
2023-11-28T12:47:53.088+05:30  WARN 8140 --- [restartedMain] JpaBaseConfiguration$JpaWebConfiguration : spring.jpa.open-in-view is enabled by default. Therefore, database queries may be performed during view rendering. Explicitly configure spring.jpa.open-in-view to disable this warning
2023-11-28T12:47:53.154+05:30  INFO 8140 --- [restartedMain] o.s.b.d.a.OptionalLiveReloadServer       : LiveReload server is running on port 35729
2023-11-28T12:47:53.162+05:30  INFO 8140 --- [restartedMain] o.s.b.w.embedded.tomcat.TomcatWebServer  : Tomcat started on port 8080 (http) with context path ''
2023-11-28T12:47:53.168+05:30  INFO 8140 --- [restartedMain] c.e.d.SpringBoot_REST_MiniAppApplication : Started SpringBoot_REST_MiniAppApplication in 2.855 seconds (process running for 6680.043)
2023-11-28T12:47:53.169+05:30  INFO 8140 --- [restartedMain] .ConditionEvaluationDeltaLoggingListener : Condition evaluation unchanged
2023-11-28T12:48:04.803+05:30  INFO 8140 --- [File Watcher] rtingClassPathChangeChangedEventListener : Restarting due to 1 class path change (0 additions, 0 deletions, 1 modification)
2023-11-28T12:48:04.814+05:30  INFO 8140 --- [Thread-93] j.LocalContainerEntityManagerFactoryBean : Closing JPA EntityManagerFactory for persistence unit 'default'
2023-11-28T12:48:04.815+05:30  INFO 8140 --- [Thread-93] com.zaxxer.hikari.HikariDataSource       : HikariPool-27 - Shutdown initiated...
2023-11-28T12:48:04.946+05:30  INFO 8140 --- [Thread-93] com.zaxxer.hikari.HikariDataSource       : HikariPool-27 - Shutdown completed.
